<?xml version="1.0" encoding="UTF-8"?>
<testsuite xmlns:xsi="http://www.w3.org/2001/XMLSchema-instance" xsi:noNamespaceSchemaLocation="https://maven.apache.org/surefire/maven-surefire-plugin/xsd/surefire-test-report-3.0.xsd" version="3.0" name="TestSuite" time="79.037" tests="2" errors="0" skipped="0" failures="0">
  <properties>
[...]
</properties>
  <testcase name="registrationPage" classname="com.tests.loginPageTestChrome" time="58.081">
    <system-out><![CDATA[chrome
firefox
chrome username76260013 chrome password p9ag
firefox username76260013 firefox password p9ag
chrome username76260016 chrome password uwks
firefox username76260016 firefox password uwks
chrome username76260019 chrome password a3xd
firefox username76260019 firefox password a3xd
chrome username76260022 chrome password 27sf
]]></system-out>
    <system-err><![CDATA[feb. 16, 2021 1:58:54 A.M. org.openqa.selenium.remote.DesiredCapabilities firefox
INFO: Using `new FirefoxOptions()` is preferred to `DesiredCapabilities.firefox()`
feb. 16, 2021 1:58:54 A.M. org.openqa.selenium.remote.DesiredCapabilities chrome
INFO: Using `new ChromeOptions()` is preferred to `DesiredCapabilities.chrome()`
feb. 16, 2021 1:58:56 A.M. org.openqa.selenium.remote.ProtocolHandshake createSession
INFO: Detected dialect: OSS
feb. 16, 2021 1:58:59 A.M. org.openqa.selenium.remote.ProtocolHandshake createSession
INFO: Detected dialect: W3C
]]></system-err>
  </testcase>
  <testcase name="registrationPage" classname="com.tests.loginPageTestFirefox" time="72.331">
    <system-out><![CDATA[firefox username76260022 firefox password 27sf
]]></system-out>
  </testcase>
</testsuite>